  CharString.cpp
E:\代写\mover finder\FilmContentSystem-master\FilmContentSystem-master\FilmContentSystem\CharString.cpp(21,33): warning C4267: “=”: 从“size_t”转换到“int”，可能丢失数据
E:\代写\mover finder\FilmContentSystem-master\FilmContentSystem-master\FilmContentSystem\CharString.cpp(49,34): warning C4267: “=”: 从“size_t”转换到“int”，可能丢失数据
E:\代写\mover finder\FilmContentSystem-master\FilmContentSystem-master\FilmContentSystem\CharString.cpp(186,43): warning C4267: “=”: 从“size_t”转换到“int”，可能丢失数据
E:\代写\mover finder\FilmContentSystem-master\FilmContentSystem-master\FilmContentSystem\CharString.cpp(191,27): warning C4267: “=”: 从“size_t”转换到“int”，可能丢失数据
  CharStringLink.cpp
  common.cpp
E:\代写\mover finder\FilmContentSystem-master\FilmContentSystem-master\FilmContentSystem\common.cpp(33,24): warning C4267: “初始化”: 从“size_t”转换到“int”，可能丢失数据
E:\代写\mover finder\FilmContentSystem-master\FilmContentSystem-master\FilmContentSystem\common.cpp(33,44): warning C4267: “初始化”: 从“size_t”转换到“int”，可能丢失数据
  DocumentList.cpp
  FilmContentSystemApplication.cpp
E:\代写\mover finder\FilmContentSystem-master\FilmContentSystem-master\FilmContentSystem\FilmContentSystemApplication.cpp(93,22): warning C4244: “=”: 从“intptr_t”转换到“long”，可能丢失数据
E:\代写\mover finder\FilmContentSystem-master\FilmContentSystem-master\FilmContentSystem\HashMap.hpp(147,30): warning C4018: “>=”: 有符号/无符号不匹配
E:\代写\mover finder\FilmContentSystem-master\FilmContentSystem-master\FilmContentSystem\HashMap.hpp(139): message : 在编译 类 模板 成员函数“value_t &HashMap<CharString,value_t>::operator [](const key_t &)”时
          with
          [
              value_t=int,
              key_t=CharString
          ]
E:\代写\mover finder\FilmContentSystem-master\FilmContentSystem-master\FilmContentSystem\FilmContentSystemApplication.cpp(145): message : 查看对正在编译的函数 模板 实例化“value_t &HashMap<CharString,value_t>::operator [](const key_t &)”的引用
          with
          [
              value_t=int,
              key_t=CharString
          ]
E:\代写\mover finder\FilmContentSystem-master\FilmContentSystem-master\FilmContentSystem\WordSegmentor.h(27): message : 查看对正在编译的 类 模板 实例化“HashMap<CharString,int>”的引用
  FilmContentSystemMain.cpp
  FilmInfo.cpp
  HtmlParser.cpp
  HtmlTag.cpp
  FileReader.cpp
  WordSegmentor.cpp
E:\代写\mover finder\FilmContentSystem-master\FilmContentSystem-master\FilmContentSystem\HashMap.hpp(147,30): warning C4018: “>=”: 有符号/无符号不匹配
E:\代写\mover finder\FilmContentSystem-master\FilmContentSystem-master\FilmContentSystem\HashMap.hpp(139): message : 在编译 类 模板 成员函数“value_t &HashMap<CharString,value_t>::operator [](const key_t &)”时
          with
          [
              value_t=int,
              key_t=CharString
          ]
E:\代写\mover finder\FilmContentSystem-master\FilmContentSystem-master\FilmContentSystem\WordSegmentor.cpp(61): message : 查看对正在编译的函数 模板 实例化“value_t &HashMap<CharString,value_t>::operator [](const key_t &)”的引用
          with
          [
              value_t=int,
              key_t=CharString
          ]
E:\代写\mover finder\FilmContentSystem-master\FilmContentSystem-master\FilmContentSystem\WordSegmentor.h(27): message : 查看对正在编译的 类 模板 实例化“HashMap<CharString,int>”的引用
  正在生成代码...
  FilmContentSystem.vcxproj -> E:\代写\mover finder\FilmContentSystem-master\FilmContentSystem-master\x64\Debug\FilmContentSystem.exe
